<?xml version="1.0" encoding="UTF-8"?>
<testsuite xmlns:xsi="http://www.w3.org/2001/XMLSchema-instance" xsi:noNamespaceSchemaLocation="https://maven.apache.org/surefire/maven-surefire-plugin/xsd/surefire-test-report.xsd" name="com.fitmymacros.pdfreader.AppTest" time="0.036" tests="1" errors="0" skipped="0" failures="0">
  <properties>
    <property name="java.specification.version" value="17"/>
    <property name="sun.jnu.encoding" value="UTF-8"/>
    <property name="java.class.path" value="/Users/pablodelalamo/Documents/FitMyMacros/PDFReader/pdfreader/target/test-classes:/Users/pablodelalamo/Documents/FitMyMacros/PDFReader/pdfreader/target/classes:/Users/pablodelalamo/.m2/repository/junit/junit/4.11/junit-4.11.jar:/Users/pablodelalamo/.m2/repository/org/hamcrest/hamcrest-core/1.3/hamcrest-core-1.3.jar:/Users/pablodelalamo/.m2/repository/com/amazonaws/aws-lambda-java-core/1.2.3/aws-lambda-java-core-1.2.3.jar:/Users/pablodelalamo/.m2/repository/software/amazon/awssdk/ssm/2.24.11/ssm-2.24.11.jar:/Users/pablodelalamo/.m2/repository/software/amazon/awssdk/aws-json-protocol/2.24.11/aws-json-protocol-2.24.11.jar:/Users/pablodelalamo/.m2/repository/software/amazon/awssdk/third-party-jackson-core/2.24.11/third-party-jackson-core-2.24.11.jar:/Users/pablodelalamo/.m2/repository/software/amazon/awssdk/protocol-core/2.24.11/protocol-core-2.24.11.jar:/Users/pablodelalamo/.m2/repository/software/amazon/awssdk/http-auth-aws/2.24.11/http-auth-aws-2.24.11.jar:/Users/pablodelalamo/.m2/repository/software/amazon/awssdk/checksums-spi/2.24.11/checksums-spi-2.24.11.jar:/Users/pablodelalamo/.m2/repository/software/amazon/awssdk/checksums/2.24.11/checksums-2.24.11.jar:/Users/pablodelalamo/.m2/repository/software/amazon/awssdk/sdk-core/2.24.11/sdk-core-2.24.11.jar:/Users/pablodelalamo/.m2/repository/software/amazon/awssdk/profiles/2.24.11/profiles-2.24.11.jar:/Users/pablodelalamo/.m2/repository/software/amazon/awssdk/auth/2.24.11/auth-2.24.11.jar:/Users/pablodelalamo/.m2/repository/software/amazon/eventstream/eventstream/1.0.1/eventstream-1.0.1.jar:/Users/pablodelalamo/.m2/repository/software/amazon/awssdk/http-auth-spi/2.24.11/http-auth-spi-2.24.11.jar:/Users/pablodelalamo/.m2/repository/software/amazon/awssdk/http-auth/2.24.11/http-auth-2.24.11.jar:/Users/pablodelalamo/.m2/repository/software/amazon/awssdk/identity-spi/2.24.11/identity-spi-2.24.11.jar:/Users/pablodelalamo/.m2/repository/software/amazon/awssdk/http-client-spi/2.24.11/http-client-spi-2.24.11.jar:/Users/pablodelalamo/.m2/repository/software/amazon/awssdk/regions/2.24.11/regions-2.24.11.jar:/Users/pablodelalamo/.m2/repository/software/amazon/awssdk/annotations/2.24.11/annotations-2.24.11.jar:/Users/pablodelalamo/.m2/repository/software/amazon/awssdk/utils/2.24.11/utils-2.24.11.jar:/Users/pablodelalamo/.m2/repository/software/amazon/awssdk/aws-core/2.24.11/aws-core-2.24.11.jar:/Users/pablodelalamo/.m2/repository/software/amazon/awssdk/metrics-spi/2.24.11/metrics-spi-2.24.11.jar:/Users/pablodelalamo/.m2/repository/software/amazon/awssdk/json-utils/2.24.11/json-utils-2.24.11.jar:/Users/pablodelalamo/.m2/repository/software/amazon/awssdk/endpoints-spi/2.24.11/endpoints-spi-2.24.11.jar:/Users/pablodelalamo/.m2/repository/software/amazon/awssdk/apache-client/2.24.11/apache-client-2.24.11.jar:/Users/pablodelalamo/.m2/repository/org/apache/httpcomponents/httpclient/4.5.13/httpclient-4.5.13.jar:/Users/pablodelalamo/.m2/repository/org/apache/httpcomponents/httpcore/4.4.13/httpcore-4.4.13.jar:/Users/pablodelalamo/.m2/repository/commons-codec/commons-codec/1.15/commons-codec-1.15.jar:/Users/pablodelalamo/.m2/repository/software/amazon/awssdk/netty-nio-client/2.24.11/netty-nio-client-2.24.11.jar:/Users/pablodelalamo/.m2/repository/io/netty/netty-codec-http/4.1.100.Final/netty-codec-http-4.1.100.Final.jar:/Users/pablodelalamo/.m2/repository/io/netty/netty-codec-http2/4.1.100.Final/netty-codec-http2-4.1.100.Final.jar:/Users/pablodelalamo/.m2/repository/io/netty/netty-codec/4.1.100.Final/netty-codec-4.1.100.Final.jar:/Users/pablodelalamo/.m2/repository/io/netty/netty-transport/4.1.100.Final/netty-transport-4.1.100.Final.jar:/Users/pablodelalamo/.m2/repository/io/netty/netty-common/4.1.100.Final/netty-common-4.1.100.Final.jar:/Users/pablodelalamo/.m2/repository/io/netty/netty-buffer/4.1.100.Final/netty-buffer-4.1.100.Final.jar:/Users/pablodelalamo/.m2/repository/io/netty/netty-handler/4.1.100.Final/netty-handler-4.1.100.Final.jar:/Users/pablodelalamo/.m2/repository/io/netty/netty-transport-native-unix-common/4.1.100.Final/netty-transport-native-unix-common-4.1.100.Final.jar:/Users/pablodelalamo/.m2/repository/io/netty/netty-transport-classes-epoll/4.1.100.Final/netty-transport-classes-epoll-4.1.100.Final.jar:/Users/pablodelalamo/.m2/repository/io/netty/netty-resolver/4.1.100.Final/netty-resolver-4.1.100.Final.jar:/Users/pablodelalamo/.m2/repository/org/apache/pdfbox/pdfbox/2.0.24/pdfbox-2.0.24.jar:/Users/pablodelalamo/.m2/repository/org/apache/pdfbox/fontbox/2.0.24/fontbox-2.0.24.jar:/Users/pablodelalamo/.m2/repository/commons-logging/commons-logging/1.2/commons-logging-1.2.jar:/Users/pablodelalamo/.m2/repository/org/springframework/boot/spring-boot-starter-webflux/3.2.3/spring-boot-starter-webflux-3.2.3.jar:/Users/pablodelalamo/.m2/repository/org/springframework/boot/spring-boot-starter/3.2.3/spring-boot-starter-3.2.3.jar:/Users/pablodelalamo/.m2/repository/org/springframework/boot/spring-boot/3.2.3/spring-boot-3.2.3.jar:/Users/pablodelalamo/.m2/repository/org/springframework/spring-context/6.1.4/spring-context-6.1.4.jar:/Users/pablodelalamo/.m2/repository/org/springframework/spring-aop/6.1.4/spring-aop-6.1.4.jar:/Users/pablodelalamo/.m2/repository/org/springframework/spring-expression/6.1.4/spring-expression-6.1.4.jar:/Users/pablodelalamo/.m2/repository/org/springframework/boot/spring-boot-autoconfigure/3.2.3/spring-boot-autoconfigure-3.2.3.jar:/Users/pablodelalamo/.m2/repository/org/springframework/boot/spring-boot-starter-logging/3.2.3/spring-boot-starter-logging-3.2.3.jar:/Users/pablodelalamo/.m2/repository/org/apache/logging/log4j/log4j-to-slf4j/2.21.1/log4j-to-slf4j-2.21.1.jar:/Users/pablodelalamo/.m2/repository/org/apache/logging/log4j/log4j-api/2.21.1/log4j-api-2.21.1.jar:/Users/pablodelalamo/.m2/repository/org/slf4j/jul-to-slf4j/2.0.12/jul-to-slf4j-2.0.12.jar:/Users/pablodelalamo/.m2/repository/jakarta/annotation/jakarta.annotation-api/2.1.1/jakarta.annotation-api-2.1.1.jar:/Users/pablodelalamo/.m2/repository/org/springframework/spring-core/6.1.4/spring-core-6.1.4.jar:/Users/pablodelalamo/.m2/repository/org/springframework/spring-jcl/6.1.4/spring-jcl-6.1.4.jar:/Users/pablodelalamo/.m2/repository/org/yaml/snakeyaml/2.2/snakeyaml-2.2.jar:/Users/pablodelalamo/.m2/repository/org/springframework/boot/spring-boot-starter-json/3.2.3/spring-boot-starter-json-3.2.3.jar:/Users/pablodelalamo/.m2/repository/com/fasterxml/jackson/datatype/jackson-datatype-jdk8/2.15.4/jackson-datatype-jdk8-2.15.4.jar:/Users/pablodelalamo/.m2/repository/com/fasterxml/jackson/datatype/jackson-datatype-jsr310/2.15.4/jackson-datatype-jsr310-2.15.4.jar:/Users/pablodelalamo/.m2/repository/com/fasterxml/jackson/module/jackson-module-parameter-names/2.15.4/jackson-module-parameter-names-2.15.4.jar:/Users/pablodelalamo/.m2/repository/org/springframework/boot/spring-boot-starter-reactor-netty/3.2.3/spring-boot-starter-reactor-netty-3.2.3.jar:/Users/pablodelalamo/.m2/repository/io/projectreactor/netty/reactor-netty-http/1.1.16/reactor-netty-http-1.1.16.jar:/Users/pablodelalamo/.m2/repository/io/netty/netty-resolver-dns/4.1.106.Final/netty-resolver-dns-4.1.106.Final.jar:/Users/pablodelalamo/.m2/repository/io/netty/netty-codec-dns/4.1.106.Final/netty-codec-dns-4.1.106.Final.jar:/Users/pablodelalamo/.m2/repository/io/netty/netty-resolver-dns-native-macos/4.1.106.Final/netty-resolver-dns-native-macos-4.1.106.Final-osx-x86_64.jar:/Users/pablodelalamo/.m2/repository/io/netty/netty-resolver-dns-classes-macos/4.1.106.Final/netty-resolver-dns-classes-macos-4.1.106.Final.jar:/Users/pablodelalamo/.m2/repository/io/netty/netty-transport-native-epoll/4.1.106.Final/netty-transport-native-epoll-4.1.106.Final-linux-x86_64.jar:/Users/pablodelalamo/.m2/repository/io/projectreactor/netty/reactor-netty-core/1.1.16/reactor-netty-core-1.1.16.jar:/Users/pablodelalamo/.m2/repository/io/netty/netty-handler-proxy/4.1.106.Final/netty-handler-proxy-4.1.106.Final.jar:/Users/pablodelalamo/.m2/repository/io/netty/netty-codec-socks/4.1.106.Final/netty-codec-socks-4.1.106.Final.jar:/Users/pablodelalamo/.m2/repository/org/springframework/spring-web/6.1.4/spring-web-6.1.4.jar:/Users/pablodelalamo/.m2/repository/org/springframework/spring-beans/6.1.4/spring-beans-6.1.4.jar:/Users/pablodelalamo/.m2/repository/io/micrometer/micrometer-observation/1.12.3/micrometer-observation-1.12.3.jar:/Users/pablodelalamo/.m2/repository/io/micrometer/micrometer-commons/1.12.3/micrometer-commons-1.12.3.jar:/Users/pablodelalamo/.m2/repository/org/springframework/spring-webflux/6.1.4/spring-webflux-6.1.4.jar:/Users/pablodelalamo/.m2/repository/io/projectreactor/reactor-core/3.6.4/reactor-core-3.6.4.jar:/Users/pablodelalamo/.m2/repository/org/reactivestreams/reactive-streams/1.0.4/reactive-streams-1.0.4.jar:/Users/pablodelalamo/.m2/repository/com/fasterxml/jackson/core/jackson-databind/2.16.1/jackson-databind-2.16.1.jar:/Users/pablodelalamo/.m2/repository/com/fasterxml/jackson/core/jackson-annotations/2.16.1/jackson-annotations-2.16.1.jar:/Users/pablodelalamo/.m2/repository/com/fasterxml/jackson/core/jackson-core/2.16.1/jackson-core-2.16.1.jar:/Users/pablodelalamo/.m2/repository/org/slf4j/slf4j-api/2.0.12/slf4j-api-2.0.12.jar:/Users/pablodelalamo/.m2/repository/org/slf4j/slf4j-simple/2.0.12/slf4j-simple-2.0.12.jar:"/>
    <property name="java.vm.vendor" value="Homebrew"/>
    <property name="sun.arch.data.model" value="64"/>
    <property name="java.vendor.url" value="https://github.com/Homebrew/homebrew-core/issues"/>
    <property name="os.name" value="Mac OS X"/>
    <property name="java.vm.specification.version" value="17"/>
    <property name="sun.java.launcher" value="SUN_STANDARD"/>
    <property name="user.country" value="ES"/>
    <property name="sun.boot.library.path" value="/usr/local/Cellar/openjdk@17/17.0.11/libexec/openjdk.jdk/Contents/Home/lib"/>
    <property name="sun.java.command" value="/Users/pablodelalamo/Documents/FitMyMacros/PDFReader/pdfreader/target/surefire/surefirebooter3276272661775808594.jar /Users/pablodelalamo/Documents/FitMyMacros/PDFReader/pdfreader/target/surefire 2024-07-20T15-41-51_848-jvmRun1 surefire1718560622234350381tmp surefire_013343595358642669676tmp"/>
    <property name="http.nonProxyHosts" value="local|*.local|169.254/16|*.169.254/16"/>
    <property name="jdk.debug" value="release"/>
    <property name="surefire.test.class.path" value="/Users/pablodelalamo/Documents/FitMyMacros/PDFReader/pdfreader/target/test-classes:/Users/pablodelalamo/Documents/FitMyMacros/PDFReader/pdfreader/target/classes:/Users/pablodelalamo/.m2/repository/junit/junit/4.11/junit-4.11.jar:/Users/pablodelalamo/.m2/repository/org/hamcrest/hamcrest-core/1.3/hamcrest-core-1.3.jar:/Users/pablodelalamo/.m2/repository/com/amazonaws/aws-lambda-java-core/1.2.3/aws-lambda-java-core-1.2.3.jar:/Users/pablodelalamo/.m2/repository/software/amazon/awssdk/ssm/2.24.11/ssm-2.24.11.jar:/Users/pablodelalamo/.m2/repository/software/amazon/awssdk/aws-json-protocol/2.24.11/aws-json-protocol-2.24.11.jar:/Users/pablodelalamo/.m2/repository/software/amazon/awssdk/third-party-jackson-core/2.24.11/third-party-jackson-core-2.24.11.jar:/Users/pablodelalamo/.m2/repository/software/amazon/awssdk/protocol-core/2.24.11/protocol-core-2.24.11.jar:/Users/pablodelalamo/.m2/repository/software/amazon/awssdk/http-auth-aws/2.24.11/http-auth-aws-2.24.11.jar:/Users/pablodelalamo/.m2/repository/software/amazon/awssdk/checksums-spi/2.24.11/checksums-spi-2.24.11.jar:/Users/pablodelalamo/.m2/repository/software/amazon/awssdk/checksums/2.24.11/checksums-2.24.11.jar:/Users/pablodelalamo/.m2/repository/software/amazon/awssdk/sdk-core/2.24.11/sdk-core-2.24.11.jar:/Users/pablodelalamo/.m2/repository/software/amazon/awssdk/profiles/2.24.11/profiles-2.24.11.jar:/Users/pablodelalamo/.m2/repository/software/amazon/awssdk/auth/2.24.11/auth-2.24.11.jar:/Users/pablodelalamo/.m2/repository/software/amazon/eventstream/eventstream/1.0.1/eventstream-1.0.1.jar:/Users/pablodelalamo/.m2/repository/software/amazon/awssdk/http-auth-spi/2.24.11/http-auth-spi-2.24.11.jar:/Users/pablodelalamo/.m2/repository/software/amazon/awssdk/http-auth/2.24.11/http-auth-2.24.11.jar:/Users/pablodelalamo/.m2/repository/software/amazon/awssdk/identity-spi/2.24.11/identity-spi-2.24.11.jar:/Users/pablodelalamo/.m2/repository/software/amazon/awssdk/http-client-spi/2.24.11/http-client-spi-2.24.11.jar:/Users/pablodelalamo/.m2/repository/software/amazon/awssdk/regions/2.24.11/regions-2.24.11.jar:/Users/pablodelalamo/.m2/repository/software/amazon/awssdk/annotations/2.24.11/annotations-2.24.11.jar:/Users/pablodelalamo/.m2/repository/software/amazon/awssdk/utils/2.24.11/utils-2.24.11.jar:/Users/pablodelalamo/.m2/repository/software/amazon/awssdk/aws-core/2.24.11/aws-core-2.24.11.jar:/Users/pablodelalamo/.m2/repository/software/amazon/awssdk/metrics-spi/2.24.11/metrics-spi-2.24.11.jar:/Users/pablodelalamo/.m2/repository/software/amazon/awssdk/json-utils/2.24.11/json-utils-2.24.11.jar:/Users/pablodelalamo/.m2/repository/software/amazon/awssdk/endpoints-spi/2.24.11/endpoints-spi-2.24.11.jar:/Users/pablodelalamo/.m2/repository/software/amazon/awssdk/apache-client/2.24.11/apache-client-2.24.11.jar:/Users/pablodelalamo/.m2/repository/org/apache/httpcomponents/httpclient/4.5.13/httpclient-4.5.13.jar:/Users/pablodelalamo/.m2/repository/org/apache/httpcomponents/httpcore/4.4.13/httpcore-4.4.13.jar:/Users/pablodelalamo/.m2/repository/commons-codec/commons-codec/1.15/commons-codec-1.15.jar:/Users/pablodelalamo/.m2/repository/software/amazon/awssdk/netty-nio-client/2.24.11/netty-nio-client-2.24.11.jar:/Users/pablodelalamo/.m2/repository/io/netty/netty-codec-http/4.1.100.Final/netty-codec-http-4.1.100.Final.jar:/Users/pablodelalamo/.m2/repository/io/netty/netty-codec-http2/4.1.100.Final/netty-codec-http2-4.1.100.Final.jar:/Users/pablodelalamo/.m2/repository/io/netty/netty-codec/4.1.100.Final/netty-codec-4.1.100.Final.jar:/Users/pablodelalamo/.m2/repository/io/netty/netty-transport/4.1.100.Final/netty-transport-4.1.100.Final.jar:/Users/pablodelalamo/.m2/repository/io/netty/netty-common/4.1.100.Final/netty-common-4.1.100.Final.jar:/Users/pablodelalamo/.m2/repository/io/netty/netty-buffer/4.1.100.Final/netty-buffer-4.1.100.Final.jar:/Users/pablodelalamo/.m2/repository/io/netty/netty-handler/4.1.100.Final/netty-handler-4.1.100.Final.jar:/Users/pablodelalamo/.m2/repository/io/netty/netty-transport-native-unix-common/4.1.100.Final/netty-transport-native-unix-common-4.1.100.Final.jar:/Users/pablodelalamo/.m2/repository/io/netty/netty-transport-classes-epoll/4.1.100.Final/netty-transport-classes-epoll-4.1.100.Final.jar:/Users/pablodelalamo/.m2/repository/io/netty/netty-resolver/4.1.100.Final/netty-resolver-4.1.100.Final.jar:/Users/pablodelalamo/.m2/repository/org/apache/pdfbox/pdfbox/2.0.24/pdfbox-2.0.24.jar:/Users/pablodelalamo/.m2/repository/org/apache/pdfbox/fontbox/2.0.24/fontbox-2.0.24.jar:/Users/pablodelalamo/.m2/repository/commons-logging/commons-logging/1.2/commons-logging-1.2.jar:/Users/pablodelalamo/.m2/repository/org/springframework/boot/spring-boot-starter-webflux/3.2.3/spring-boot-starter-webflux-3.2.3.jar:/Users/pablodelalamo/.m2/repository/org/springframework/boot/spring-boot-starter/3.2.3/spring-boot-starter-3.2.3.jar:/Users/pablodelalamo/.m2/repository/org/springframework/boot/spring-boot/3.2.3/spring-boot-3.2.3.jar:/Users/pablodelalamo/.m2/repository/org/springframework/spring-context/6.1.4/spring-context-6.1.4.jar:/Users/pablodelalamo/.m2/repository/org/springframework/spring-aop/6.1.4/spring-aop-6.1.4.jar:/Users/pablodelalamo/.m2/repository/org/springframework/spring-expression/6.1.4/spring-expression-6.1.4.jar:/Users/pablodelalamo/.m2/repository/org/springframework/boot/spring-boot-autoconfigure/3.2.3/spring-boot-autoconfigure-3.2.3.jar:/Users/pablodelalamo/.m2/repository/org/springframework/boot/spring-boot-starter-logging/3.2.3/spring-boot-starter-logging-3.2.3.jar:/Users/pablodelalamo/.m2/repository/org/apache/logging/log4j/log4j-to-slf4j/2.21.1/log4j-to-slf4j-2.21.1.jar:/Users/pablodelalamo/.m2/repository/org/apache/logging/log4j/log4j-api/2.21.1/log4j-api-2.21.1.jar:/Users/pablodelalamo/.m2/repository/org/slf4j/jul-to-slf4j/2.0.12/jul-to-slf4j-2.0.12.jar:/Users/pablodelalamo/.m2/repository/jakarta/annotation/jakarta.annotation-api/2.1.1/jakarta.annotation-api-2.1.1.jar:/Users/pablodelalamo/.m2/repository/org/springframework/spring-core/6.1.4/spring-core-6.1.4.jar:/Users/pablodelalamo/.m2/repository/org/springframework/spring-jcl/6.1.4/spring-jcl-6.1.4.jar:/Users/pablodelalamo/.m2/repository/org/yaml/snakeyaml/2.2/snakeyaml-2.2.jar:/Users/pablodelalamo/.m2/repository/org/springframework/boot/spring-boot-starter-json/3.2.3/spring-boot-starter-json-3.2.3.jar:/Users/pablodelalamo/.m2/repository/com/fasterxml/jackson/datatype/jackson-datatype-jdk8/2.15.4/jackson-datatype-jdk8-2.15.4.jar:/Users/pablodelalamo/.m2/repository/com/fasterxml/jackson/datatype/jackson-datatype-jsr310/2.15.4/jackson-datatype-jsr310-2.15.4.jar:/Users/pablodelalamo/.m2/repository/com/fasterxml/jackson/module/jackson-module-parameter-names/2.15.4/jackson-module-parameter-names-2.15.4.jar:/Users/pablodelalamo/.m2/repository/org/springframework/boot/spring-boot-starter-reactor-netty/3.2.3/spring-boot-starter-reactor-netty-3.2.3.jar:/Users/pablodelalamo/.m2/repository/io/projectreactor/netty/reactor-netty-http/1.1.16/reactor-netty-http-1.1.16.jar:/Users/pablodelalamo/.m2/repository/io/netty/netty-resolver-dns/4.1.106.Final/netty-resolver-dns-4.1.106.Final.jar:/Users/pablodelalamo/.m2/repository/io/netty/netty-codec-dns/4.1.106.Final/netty-codec-dns-4.1.106.Final.jar:/Users/pablodelalamo/.m2/repository/io/netty/netty-resolver-dns-native-macos/4.1.106.Final/netty-resolver-dns-native-macos-4.1.106.Final-osx-x86_64.jar:/Users/pablodelalamo/.m2/repository/io/netty/netty-resolver-dns-classes-macos/4.1.106.Final/netty-resolver-dns-classes-macos-4.1.106.Final.jar:/Users/pablodelalamo/.m2/repository/io/netty/netty-transport-native-epoll/4.1.106.Final/netty-transport-native-epoll-4.1.106.Final-linux-x86_64.jar:/Users/pablodelalamo/.m2/repository/io/projectreactor/netty/reactor-netty-core/1.1.16/reactor-netty-core-1.1.16.jar:/Users/pablodelalamo/.m2/repository/io/netty/netty-handler-proxy/4.1.106.Final/netty-handler-proxy-4.1.106.Final.jar:/Users/pablodelalamo/.m2/repository/io/netty/netty-codec-socks/4.1.106.Final/netty-codec-socks-4.1.106.Final.jar:/Users/pablodelalamo/.m2/repository/org/springframework/spring-web/6.1.4/spring-web-6.1.4.jar:/Users/pablodelalamo/.m2/repository/org/springframework/spring-beans/6.1.4/spring-beans-6.1.4.jar:/Users/pablodelalamo/.m2/repository/io/micrometer/micrometer-observation/1.12.3/micrometer-observation-1.12.3.jar:/Users/pablodelalamo/.m2/repository/io/micrometer/micrometer-commons/1.12.3/micrometer-commons-1.12.3.jar:/Users/pablodelalamo/.m2/repository/org/springframework/spring-webflux/6.1.4/spring-webflux-6.1.4.jar:/Users/pablodelalamo/.m2/repository/io/projectreactor/reactor-core/3.6.4/reactor-core-3.6.4.jar:/Users/pablodelalamo/.m2/repository/org/reactivestreams/reactive-streams/1.0.4/reactive-streams-1.0.4.jar:/Users/pablodelalamo/.m2/repository/com/fasterxml/jackson/core/jackson-databind/2.16.1/jackson-databind-2.16.1.jar:/Users/pablodelalamo/.m2/repository/com/fasterxml/jackson/core/jackson-annotations/2.16.1/jackson-annotations-2.16.1.jar:/Users/pablodelalamo/.m2/repository/com/fasterxml/jackson/core/jackson-core/2.16.1/jackson-core-2.16.1.jar:/Users/pablodelalamo/.m2/repository/org/slf4j/slf4j-api/2.0.12/slf4j-api-2.0.12.jar:/Users/pablodelalamo/.m2/repository/org/slf4j/slf4j-simple/2.0.12/slf4j-simple-2.0.12.jar:"/>
    <property name="sun.cpu.endian" value="little"/>
    <property name="user.home" value="/Users/pablodelalamo"/>
    <property name="user.language" value="en"/>
    <property name="java.specification.vendor" value="Oracle Corporation"/>
    <property name="java.version.date" value="2024-04-16"/>
    <property name="java.home" value="/usr/local/Cellar/openjdk@17/17.0.11/libexec/openjdk.jdk/Contents/Home"/>
    <property name="file.separator" value="/"/>
    <property name="basedir" value="/Users/pablodelalamo/Documents/FitMyMacros/PDFReader/pdfreader"/>
    <property name="java.vm.compressedOopsMode" value="Zero based"/>
    <property name="line.separator" value="&#10;"/>
    <property name="java.specification.name" value="Java Platform API Specification"/>
    <property name="java.vm.specification.vendor" value="Oracle Corporation"/>
    <property name="surefire.real.class.path" value="/Users/pablodelalamo/Documents/FitMyMacros/PDFReader/pdfreader/target/surefire/surefirebooter3276272661775808594.jar"/>
    <property name="sun.management.compiler" value="HotSpot 64-Bit Tiered Compilers"/>
    <property name="ftp.nonProxyHosts" value="local|*.local|169.254/16|*.169.254/16"/>
    <property name="java.runtime.version" value="17.0.11+0"/>
    <property name="user.name" value="pablodelalamo"/>
    <property name="path.separator" value=":"/>
    <property name="os.version" value="14.5"/>
    <property name="java.runtime.name" value="OpenJDK Runtime Environment"/>
    <property name="file.encoding" value="UTF-8"/>
    <property name="java.vm.name" value="OpenJDK 64-Bit Server VM"/>
    <property name="java.vendor.version" value="Homebrew"/>
    <property name="localRepository" value="/Users/pablodelalamo/.m2/repository"/>
    <property name="java.vendor.url.bug" value="https://github.com/Homebrew/homebrew-core/issues"/>
    <property name="java.io.tmpdir" value="/var/folders/z8/k67_k0ts0p346h10w2hrcwlm0000gn/T/"/>
    <property name="java.version" value="17.0.11"/>
    <property name="user.dir" value="/Users/pablodelalamo/Documents/FitMyMacros/PDFReader/pdfreader"/>
    <property name="os.arch" value="x86_64"/>
    <property name="java.vm.specification.name" value="Java Virtual Machine Specification"/>
    <property name="native.encoding" value="UTF-8"/>
    <property name="java.library.path" value="/Users/pablodelalamo/Library/Java/Extensions:/Library/Java/Extensions:/Network/Library/Java/Extensions:/System/Library/Java/Extensions:/usr/lib/java:."/>
    <property name="java.vm.info" value="mixed mode, sharing"/>
    <property name="java.vendor" value="Homebrew"/>
    <property name="java.vm.version" value="17.0.11+0"/>
    <property name="sun.io.unicode.encoding" value="UnicodeBig"/>
    <property name="socksNonProxyHosts" value="local|*.local|169.254/16|*.169.254/16"/>
    <property name="java.class.version" value="61.0"/>
  </properties>
  <testcase name="shouldAnswerWithTrue" classname="com.fitmymacros.pdfreader.AppTest" time="0.003"/>
</testsuite>